<?xml version="1.0" encoding="UTF-8"?>
<testng-results skipped="0" failed="0" ignored="0" total="1" passed="1">
  <reporter-output>
  </reporter-output>
  <suite name="Default suite" duration-ms="1856" started-at="2022-11-25T10:36:28 IST" finished-at="2022-11-25T10:36:30 IST">
    <groups>
    </groups>
    <test name="Default test" duration-ms="1856" started-at="2022-11-25T10:36:28 IST" finished-at="2022-11-25T10:36:30 IST">
      <class name="connection.Database_Full_Table">
        <test-method status="PASS" signature="test()[pri:0, instance:connection.Database_Full_Table@cb51256]" name="test" duration-ms="1819" started-at="2022-11-25T10:36:28 IST" finished-at="2022-11-25T10:36:30 IST">
          <reporter-output>
          </reporter-output>
        </test-method> <!-- test -->
      </class> <!-- connection.Database_Full_Table -->
    </test> <!-- Default test -->
  </suite> <!-- Default suite -->
</testng-results>
